Arguments: 
  C:\Program Files\nodejs\node.exe C:\Users\K HUNNURJI RAO\AppData\Roaming\npm\node_modules\yarn\bin\yarn.js add express mongoose dotenv cookie-parser jsonwebtoken bcrypyjs nodemon

PATH: 
  C:\Program Files\Common Files\Oracle\Java\javapath;C:\Program Files (x86)\Intel\Intel(R) Management Engine Components\iCLS\;C:\Program Files\Intel\Intel(R) Management Engine Components\iCLS\;C:\WINDOWS\system32;C:\WINDOWS;C:\WINDOWS\System32\Wbem;C:\WINDOWS\System32\WindowsPowerShell\v1.0\;C:\WINDOWS\System32\OpenSSH\;C:\Program Files (x86)\Intel\Intel(R) Management Engine Components\DAL;C:\Program Files\Intel\Intel(R) Management Engine Components\DAL;C:\Program Files (x86)\Intel\Intel(R) Management Engine Components\IPT;C:\Program Files\Intel\Intel(R) Management Engine Components\IPT;C:\Program Files\nodejs\;C:\Program Files\Git\cmd;C:\Program Files\PuTTY\;C:\Users\K HUNNURJI RAO\AppData\Local\Programs\Python\Python39\Scripts\;C:\Users\K HUNNURJI RAO\AppData\Local\Programs\Python\Python39\;C:\Users\K HUNNURJI RAO\AppData\Local\Microsoft\WindowsApps;C:\Users\K HUNNURJI RAO\AppData\Local\Programs\Microsoft VS Code\bin;C:\Program Files\JetBrains\IntelliJ IDEA Community Edition 2020.3.1\bin;;C:\Users\K HUNNURJI RAO\AppData\Roaming\npm;C:\Program Files\MongoDB\Server\4.4\bin;C:\Users\K HUNNURJI RAO\AppData\Local\GitHubDesktop\bin;C:\Program Files\heroku\bin;C:\Program Files (x86)\Nmap

Yarn version: 
  1.22.10

Node version: 
  14.15.5

Platform: 
  win32 x64

Trace: 
  Error: https://registry.yarnpkg.com/bcrypyjs: Not found
      at Request.params.callback [as _callback] (C:\Users\K HUNNURJI RAO\AppData\Roaming\npm\node_modules\yarn\lib\cli.js:66988:18)
      at Request.self.callback (C:\Users\K HUNNURJI RAO\AppData\Roaming\npm\node_modules\yarn\lib\cli.js:140662:22)
      at Request.emit (events.js:315:20)
      at Request.<anonymous> (C:\Users\K HUNNURJI RAO\AppData\Roaming\npm\node_modules\yarn\lib\cli.js:141634:10)
      at Request.emit (events.js:315:20)
      at IncomingMessage.<anonymous> (C:\Users\K HUNNURJI RAO\AppData\Roaming\npm\node_modules\yarn\lib\cli.js:141556:12)
      at Object.onceWrapper (events.js:421:28)
      at IncomingMessage.emit (events.js:327:22)
      at endReadableNT (internal/streams/readable.js:1327:12)
      at processTicksAndRejections (internal/process/task_queues.js:80:21)

npm manifest: 
  {
    "name": "server",
    "version": "1.0.0",
    "main": "index.js",
    "license": "MIT"
  }

yarn manifest: 
  No manifest

Lockfile: 
  No lockfile
